<?xml version="1.0" encoding="UTF-8"?>
<!-- Generated by org.testng.reporters.JUnitReportReporter -->
<testsuite skipped="0" hostname="gurkan" name="scripts._03_TGLocatorsTest" tests="1" failures="0" timestamp="2023-06-12T17:45:27 CDT" time="4.125" errors="0">
  <testcase name="validateAllParagraphs" time="4.125" classname="scripts._03_TGLocatorsTest"/>
  <system-out/>
</testsuite> <!-- scripts._03_TGLocatorsTest -->
