<?xml version="1.0" encoding="UTF-8"?>
<!-- Generated by org.testng.reporters.JUnitReportReporter -->
<testsuite skipped="0" hostname="gurkan" name="scripts._06_WikiTest" tests="1" failures="0" timestamp="2023-06-12T17:45:27 CDT" time="4.889" errors="0">
  <testcase name="validateWikiSearch1" time="4.889" classname="scripts._06_WikiTest"/>
  <system-out/>
</testsuite> <!-- scripts._06_WikiTest -->
