<?xml version="1.0" encoding="UTF-8"?>
<!-- Generated by org.testng.reporters.JUnitReportReporter -->
<testsuite skipped="0" hostname="gurkan" name="scripts._01_GoogleTest" tests="1" failures="0" timestamp="2023-06-12T17:45:27 CDT" time="9.472" errors="0">
  <testcase name="validateSearchBar" time="9.472" classname="scripts._01_GoogleTest"/>
  <system-out/>
</testsuite> <!-- scripts._01_GoogleTest -->
